1548345988100	mozrunner::runner	INFO	Running command: "/usr/bin/firefox" "-marionette" "-foreground" "-no-remote" "-profile" "/tmp/rust_mozprofile.t8VbqgKSqx35"
1548345992291	addons.webextension.screenshots@mozilla.org	WARN	Loading extension 'screenshots@mozilla.org': Reading manifest: Invalid host permission: resource://pdf.js/
1548345992292	addons.webextension.screenshots@mozilla.org	WARN	Loading extension 'screenshots@mozilla.org': Reading manifest: Invalid host permission: about:reader*

(firefox:19568): Gtk-WARNING **: 12:06:33.558: Theme parsing error: <data>:1:34: Expected ')' in color definition

(firefox:19568): Gtk-WARNING **: 12:06:33.558: Theme parsing error: <data>:1:77: Expected ')' in color definition

(firefox:19568): GLib-GIO-WARNING **: 12:06:33.904: /etc/xdg/kde-mimeapps.list contains a [Added Associations] group, but it is not permitted here.  Only the non-desktop-specific mimeapps.list file may add or remove associations.
1548345997969	Marionette	INFO	Listening on port 44955
1548345998044	Marionette	WARN	TLS certificate errors will be ignored for this session
console.error: BroadcastService: 
  receivedBroadcastMessage: handler for
  remote-settings/monitor_changes
  threw error:
  Message: Error: Polling for changes failed: NetworkError when attempting to fetch resource..
  Stack:
    remoteSettingsFunction/remoteSettings.pollChanges@resource://services-settings/remote-settings.js:750:13


(/usr/lib/firefox/firefox:19746): dconf-WARNING **: 12:08:07.405: Unable to open /var/lib/flatpak/exports/share/dconf/profile/user: Permission denied
1548346489960	Marionette	INFO	Stopped listening on port 44955
1548346705157	mozrunner::runner	INFO	Running command: "/usr/bin/firefox" "-marionette" "-foreground" "-no-remote" "-profile" "/tmp/rust_mozprofile.zTiqO4qCVBT6"
1548346706046	addons.webextension.screenshots@mozilla.org	WARN	Loading extension 'screenshots@mozilla.org': Reading manifest: Invalid host permission: resource://pdf.js/
1548346706046	addons.webextension.screenshots@mozilla.org	WARN	Loading extension 'screenshots@mozilla.org': Reading manifest: Invalid host permission: about:reader*

(firefox:21764): Gtk-WARNING **: 12:18:27.296: Theme parsing error: <data>:1:34: Expected ')' in color definition

(firefox:21764): Gtk-WARNING **: 12:18:27.296: Theme parsing error: <data>:1:77: Expected ')' in color definition

(firefox:21764): GLib-GIO-WARNING **: 12:18:27.333: /etc/xdg/kde-mimeapps.list contains a [Added Associations] group, but it is not permitted here.  Only the non-desktop-specific mimeapps.list file may add or remove associations.
1548346710489	Marionette	INFO	Listening on port 33589
1548346710575	Marionette	WARN	TLS certificate errors will be ignored for this session
console.error: BroadcastService: 
  receivedBroadcastMessage: handler for
  remote-settings/monitor_changes
  threw error:
  Message: Error: Polling for changes failed: NetworkError when attempting to fetch resource..
  Stack:
    remoteSettingsFunction/remoteSettings.pollChanges@resource://services-settings/remote-settings.js:750:13

1548347193800	Marionette	INFO	Stopped listening on port 33589
1548358282359	mozrunner::runner	INFO	Running command: "/usr/bin/firefox" "-marionette" "-foreground" "-no-remote" "-profile" "/tmp/rust_mozprofile.FCg2nW3N9yFf"
1548358283518	addons.webextension.screenshots@mozilla.org	WARN	Loading extension 'screenshots@mozilla.org': Reading manifest: Invalid host permission: resource://pdf.js/
1548358283518	addons.webextension.screenshots@mozilla.org	WARN	Loading extension 'screenshots@mozilla.org': Reading manifest: Invalid host permission: about:reader*

(firefox:3504): Gtk-WARNING **: 15:31:24.611: Theme parsing error: <data>:1:34: Expected ')' in color definition

(firefox:3504): Gtk-WARNING **: 15:31:24.611: Theme parsing error: <data>:1:77: Expected ')' in color definition

(firefox:3504): GLib-GIO-WARNING **: 15:31:24.637: /etc/xdg/kde-mimeapps.list contains a [Added Associations] group, but it is not permitted here.  Only the non-desktop-specific mimeapps.list file may add or remove associations.
1548358411136	mozrunner::runner	INFO	Running command: "/usr/bin/firefox" "-marionette" "-foreground" "-no-remote" "-profile" "/tmp/rust_mozprofile.lzspkzQmKpuK"
1548358411816	addons.webextension.screenshots@mozilla.org	WARN	Loading extension 'screenshots@mozilla.org': Reading manifest: Invalid host permission: resource://pdf.js/
1548358411817	addons.webextension.screenshots@mozilla.org	WARN	Loading extension 'screenshots@mozilla.org': Reading manifest: Invalid host permission: about:reader*

(firefox:3768): Gtk-WARNING **: 15:33:32.168: Theme parsing error: <data>:1:34: Expected ')' in color definition

(firefox:3768): Gtk-WARNING **: 15:33:32.168: Theme parsing error: <data>:1:77: Expected ')' in color definition

(firefox:3768): GLib-GIO-WARNING **: 15:33:32.195: /etc/xdg/kde-mimeapps.list contains a [Added Associations] group, but it is not permitted here.  Only the non-desktop-specific mimeapps.list file may add or remove associations.
1548358414015	Marionette	INFO	Listening on port 36149
1548358414059	Marionette	WARN	TLS certificate errors will be ignored for this session
console.error: BroadcastService: 
  receivedBroadcastMessage: handler for
  remote-settings/monitor_changes
  threw error:
  Message: Error: Polling for changes failed: NetworkError when attempting to fetch resource..
  Stack:
    remoteSettingsFunction/remoteSettings.pollChanges@resource://services-settings/remote-settings.js:750:13

1548358529061	Marionette	INFO	Stopped listening on port 36149
1548358551372	mozrunner::runner	INFO	Running command: "/usr/bin/firefox" "-marionette" "-foreground" "-no-remote" "-profile" "/tmp/rust_mozprofile.LO4iLuwVed2o"
1548358552060	addons.webextension.screenshots@mozilla.org	WARN	Loading extension 'screenshots@mozilla.org': Reading manifest: Invalid host permission: resource://pdf.js/
1548358552061	addons.webextension.screenshots@mozilla.org	WARN	Loading extension 'screenshots@mozilla.org': Reading manifest: Invalid host permission: about:reader*

(firefox:4150): Gtk-WARNING **: 15:35:52.447: Theme parsing error: <data>:1:34: Expected ')' in color definition

(firefox:4150): Gtk-WARNING **: 15:35:52.448: Theme parsing error: <data>:1:77: Expected ')' in color definition

(firefox:4150): GLib-GIO-WARNING **: 15:35:52.475: /etc/xdg/kde-mimeapps.list contains a [Added Associations] group, but it is not permitted here.  Only the non-desktop-specific mimeapps.list file may add or remove associations.
1548358554707	Marionette	INFO	Listening on port 45755
1548358554799	Marionette	WARN	TLS certificate errors will be ignored for this session
console.error: BroadcastService: 
  receivedBroadcastMessage: handler for
  remote-settings/monitor_changes
  threw error:
  Message: Error: Polling for changes failed: NetworkError when attempting to fetch resource..
  Stack:
    remoteSettingsFunction/remoteSettings.pollChanges@resource://services-settings/remote-settings.js:750:13

1548358677706	Marionette	INFO	Stopped listening on port 45755
1548358695648	mozrunner::runner	INFO	Running command: "/usr/bin/firefox" "-marionette" "-foreground" "-no-remote" "-profile" "/tmp/rust_mozprofile.nOdz7tWzgm1s"
1548358696364	addons.webextension.screenshots@mozilla.org	WARN	Loading extension 'screenshots@mozilla.org': Reading manifest: Invalid host permission: resource://pdf.js/
1548358696364	addons.webextension.screenshots@mozilla.org	WARN	Loading extension 'screenshots@mozilla.org': Reading manifest: Invalid host permission: about:reader*

(firefox:4541): Gtk-WARNING **: 15:38:16.805: Theme parsing error: <data>:1:34: Expected ')' in color definition

(firefox:4541): Gtk-WARNING **: 15:38:16.806: Theme parsing error: <data>:1:77: Expected ')' in color definition

(firefox:4541): GLib-GIO-WARNING **: 15:38:16.830: /etc/xdg/kde-mimeapps.list contains a [Added Associations] group, but it is not permitted here.  Only the non-desktop-specific mimeapps.list file may add or remove associations.
1548358699930	Marionette	INFO	Listening on port 35335
1548358699989	Marionette	WARN	TLS certificate errors will be ignored for this session
console.error: BroadcastService: 
  receivedBroadcastMessage: handler for
  remote-settings/monitor_changes
  threw error:
  Message: Error: Polling for changes failed: NetworkError when attempting to fetch resource..
  Stack:
    remoteSettingsFunction/remoteSettings.pollChanges@resource://services-settings/remote-settings.js:750:13

1548358832998	Marionette	INFO	Stopped listening on port 35335
1548358861249	mozrunner::runner	INFO	Running command: "/usr/bin/firefox" "-marionette" "-foreground" "-no-remote" "-profile" "/tmp/rust_mozprofile.u73UharIdywk"
1548358861916	addons.webextension.screenshots@mozilla.org	WARN	Loading extension 'screenshots@mozilla.org': Reading manifest: Invalid host permission: resource://pdf.js/
1548358861916	addons.webextension.screenshots@mozilla.org	WARN	Loading extension 'screenshots@mozilla.org': Reading manifest: Invalid host permission: about:reader*

(firefox:4884): Gtk-WARNING **: 15:41:02.266: Theme parsing error: <data>:1:34: Expected ')' in color definition

(firefox:4884): Gtk-WARNING **: 15:41:02.266: Theme parsing error: <data>:1:77: Expected ')' in color definition

(firefox:4884): GLib-GIO-WARNING **: 15:41:02.288: /etc/xdg/kde-mimeapps.list contains a [Added Associations] group, but it is not permitted here.  Only the non-desktop-specific mimeapps.list file may add or remove associations.
1548358864304	Marionette	INFO	Listening on port 34127
1548358864366	Marionette	WARN	TLS certificate errors will be ignored for this session
console.error: BroadcastService: 
  receivedBroadcastMessage: handler for
  remote-settings/monitor_changes
  threw error:
  Message: Error: Polling for changes failed: NetworkError when attempting to fetch resource..
  Stack:
    remoteSettingsFunction/remoteSettings.pollChanges@resource://services-settings/remote-settings.js:750:13

[Parent 4884, Gecko_IOThread] WARNING: pipe error (76): Connection reset by peer: file /build/firefox/src/mozilla-unified/ipc/chromium/src/chrome/common/ipc_channel_posix.cc, line 363
1548359159561	Marionette	INFO	Stopped listening on port 34127
1548359279758	mozrunner::runner	INFO	Running command: "/usr/bin/firefox" "-marionette" "-foreground" "-no-remote" "-profile" "/tmp/rust_mozprofile.DEhJPm7neV6E"
1548359280437	addons.webextension.screenshots@mozilla.org	WARN	Loading extension 'screenshots@mozilla.org': Reading manifest: Invalid host permission: resource://pdf.js/
1548359280437	addons.webextension.screenshots@mozilla.org	WARN	Loading extension 'screenshots@mozilla.org': Reading manifest: Invalid host permission: about:reader*

(firefox:5463): Gtk-WARNING **: 15:48:00.959: Theme parsing error: <data>:1:34: Expected ')' in color definition

(firefox:5463): Gtk-WARNING **: 15:48:00.959: Theme parsing error: <data>:1:77: Expected ')' in color definition

(firefox:5463): GLib-GIO-WARNING **: 15:48:00.989: /etc/xdg/kde-mimeapps.list contains a [Added Associations] group, but it is not permitted here.  Only the non-desktop-specific mimeapps.list file may add or remove associations.
1548359282727	Marionette	INFO	Listening on port 37071
1548359282785	Marionette	WARN	TLS certificate errors will be ignored for this session
console.error: BroadcastService: 
  receivedBroadcastMessage: handler for
  remote-settings/monitor_changes
  threw error:
  Message: Error: Polling for changes failed: NetworkError when attempting to fetch resource..
  Stack:
    remoteSettingsFunction/remoteSettings.pollChanges@resource://services-settings/remote-settings.js:750:13

1548359508484	mozrunner::runner	INFO	Running command: "/usr/bin/firefox" "-marionette" "-foreground" "-no-remote" "-profile" "/tmp/rust_mozprofile.rhAeNcUQcZx4"
1548359509166	addons.webextension.screenshots@mozilla.org	WARN	Loading extension 'screenshots@mozilla.org': Reading manifest: Invalid host permission: resource://pdf.js/
1548359509167	addons.webextension.screenshots@mozilla.org	WARN	Loading extension 'screenshots@mozilla.org': Reading manifest: Invalid host permission: about:reader*

(firefox:7934): Gtk-WARNING **: 15:51:49.611: Theme parsing error: <data>:1:34: Expected ')' in color definition

(firefox:7934): Gtk-WARNING **: 15:51:49.611: Theme parsing error: <data>:1:77: Expected ')' in color definition

(firefox:7934): GLib-GIO-WARNING **: 15:51:49.637: /etc/xdg/kde-mimeapps.list contains a [Added Associations] group, but it is not permitted here.  Only the non-desktop-specific mimeapps.list file may add or remove associations.
IPDL protocol error: Handler returned error code!

###!!! [Parent][DispatchAsyncMessage] Error: PLayerTransaction::Msg_ReleaseLayer Processing error: message was deserialized, but the handler returned false (indicating failure)

IPDL protocol error: Handler returned error code!

###!!! [Parent][DispatchAsyncMessage] Error: PLayerTransaction::Msg_ReleaseLayer Processing error: message was deserialized, but the handler returned false (indicating failure)

IPDL protocol error: Handler returned error code!

###!!! [Parent][DispatchAsyncMessage] Error: PLayerTransaction::Msg_ReleaseLayer Processing error: message was deserialized, but the handler returned false (indicating failure)

IPDL protocol error: Handler returned error code!

###!!! [Parent][DispatchAsyncMessage] Error: PLayerTransaction::Msg_ReleaseLayer Processing error: message was deserialized, but the handler returned false (indicating failure)

IPDL protocol error: Handler returned error code!

###!!! [Parent][DispatchAsyncMessage] Error: PLayerTransaction::Msg_ReleaseLayer Processing error: message was deserialized, but the handler returned false (indicating failure)

1548359510990	Marionette	INFO	Stopped listening on port 37071
1548359511713	Marionette	INFO	Listening on port 38169
1548359511814	Marionette	WARN	TLS certificate errors will be ignored for this session
console.error: BroadcastService: 
  receivedBroadcastMessage: handler for
  remote-settings/monitor_changes
  threw error:
  Message: Error: Polling for changes failed: NetworkError when attempting to fetch resource..
  Stack:
    remoteSettingsFunction/remoteSettings.pollChanges@resource://services-settings/remote-settings.js:750:13

1548359615827	mozrunner::runner	INFO	Running command: "/usr/bin/firefox" "-marionette" "-foreground" "-no-remote" "-profile" "/tmp/rust_mozprofile.AGL1ZjArVa90"
1548359616524	addons.webextension.screenshots@mozilla.org	WARN	Loading extension 'screenshots@mozilla.org': Reading manifest: Invalid host permission: resource://pdf.js/
1548359616525	addons.webextension.screenshots@mozilla.org	WARN	Loading extension 'screenshots@mozilla.org': Reading manifest: Invalid host permission: about:reader*

(firefox:8245): Gtk-WARNING **: 15:53:36.869: Theme parsing error: <data>:1:34: Expected ')' in color definition

(firefox:8245): Gtk-WARNING **: 15:53:36.869: Theme parsing error: <data>:1:77: Expected ')' in color definition

(firefox:8245): GLib-GIO-WARNING **: 15:53:36.889: /etc/xdg/kde-mimeapps.list contains a [Added Associations] group, but it is not permitted here.  Only the non-desktop-specific mimeapps.list file may add or remove associations.
1548359618509	Marionette	INFO	Listening on port 40511
1548359618542	Marionette	WARN	TLS certificate errors will be ignored for this session
console.error: BroadcastService: 
  receivedBroadcastMessage: handler for
  remote-settings/monitor_changes
  threw error:
  Message: Error: Polling for changes failed: NetworkError when attempting to fetch resource..
  Stack:
    remoteSettingsFunction/remoteSettings.pollChanges@resource://services-settings/remote-settings.js:750:13

1548360148312	mozrunner::runner	INFO	Running command: "/usr/bin/firefox" "-marionette" "-foreground" "-no-remote" "-profile" "/tmp/rust_mozprofile.XtemAj1Ul2qf"
1548360149083	addons.webextension.screenshots@mozilla.org	WARN	Loading extension 'screenshots@mozilla.org': Reading manifest: Invalid host permission: resource://pdf.js/
1548360149083	addons.webextension.screenshots@mozilla.org	WARN	Loading extension 'screenshots@mozilla.org': Reading manifest: Invalid host permission: about:reader*

(firefox:9807): Gtk-WARNING **: 16:02:29.430: Theme parsing error: <data>:1:34: Expected ')' in color definition

(firefox:9807): Gtk-WARNING **: 16:02:29.430: Theme parsing error: <data>:1:77: Expected ')' in color definition

(firefox:9807): GLib-GIO-WARNING **: 16:02:29.450: /etc/xdg/kde-mimeapps.list contains a [Added Associations] group, but it is not permitted here.  Only the non-desktop-specific mimeapps.list file may add or remove associations.
1548360151564	Marionette	INFO	Listening on port 39103
1548360151631	Marionette	WARN	TLS certificate errors will be ignored for this session
console.error: BroadcastService: 
  receivedBroadcastMessage: handler for
  remote-settings/monitor_changes
  threw error:
  Message: Error: Polling for changes failed: NetworkError when attempting to fetch resource..
  Stack:
    remoteSettingsFunction/remoteSettings.pollChanges@resource://services-settings/remote-settings.js:750:13

[Parent 9807, Gecko_IOThread] WARNING: pipe error (79): Connection reset by peer: file /build/firefox/src/mozilla-unified/ipc/chromium/src/chrome/common/ipc_channel_posix.cc, line 363
1548360247744	Marionette	INFO	Stopped listening on port 39103
